<?xml version="1.0" encoding="UTF-8"?>
<testsuite name="CardTest" tests="4" skipped="0" failures="0" errors="0" timestamp="2019-05-12T22:45:03" hostname="ez-Inspiron" time="0.014">
  <properties/>
  <testcase name="testCardConstructor" classname="CardTest" time="0.007"/>
  <testcase name="testCardValueOutOfRange" classname="CardTest" time="0.0"/>
  <testcase name="testCardToString" classname="CardTest" time="0.003"/>
  <testcase name="testCardEqualsAndHash" classname="CardTest" time="0.0"/>
  <system-out><![CDATA[]]></system-out>
  <system-err><![CDATA[]]></system-err>
</testsuite>
