<?xml version="1.0" encoding="UTF-8"?>
<testsuite name="DeckTest" tests="3" skipped="0" failures="0" errors="0" timestamp="2019-05-12T22:45:03" hostname="ez-Inspiron" time="26.027">
  <properties/>
  <testcase name="testDeckUnderflow" classname="DeckTest" time="13.013"/>
  <testcase name="testOrderOfTheDeck" classname="DeckTest" time="13.013"/>
  <testcase name="testDeckConstructor" classname="DeckTest" time="0.0"/>
  <system-out><![CDATA[]]></system-out>
  <system-err><![CDATA[]]></system-err>
</testsuite>
